|2018-11-02 09:20:48.547|||INFO -[Refreshing org.springframework.context.annotation.AnnotationConfigApplicationContext@7d20d0b: startup date [Fri Nov 02 09:20:48 CST 2018]; root of context hierarchy]-[o.s.c.a.AnnotationConfigApplicationContext.java:583]-[main]
|2018-11-02 09:20:49.047|||INFO -[JSR-330 'javax.inject.Inject' annotation found and supported for autowiring]-[o.s.b.f.a.AutowiredAnnotationBeanPostProcessor.java:155]-[main]
|2018-11-02 09:20:49.165|||INFO -[Bean 'configurationPropertiesRebinderAutoConfiguration' of type [org.springframework.cloud.autoconfigure.ConfigurationPropertiesRebinderAutoConfiguration$$EnhancerBySpringCGLIB$$164b204a] is not eligible for getting processed by all BeanPostProcessors (for example: not eligible for auto-proxying)]-[o.s.c.s.PostProcessorRegistrationDelegate$BeanPostProcessorChecker.java:327]-[main]
|2018-11-02 09:20:50.263|||INFO -[No active profile set, falling back to default profiles: default]-[com.suixingpay.Application.java:593]-[main]
|2018-11-02 09:20:50.286|||INFO -[Refreshing org.springframework.boot.context.embedded.AnnotationConfigEmbeddedWebApplicationContext@68ad99fe: startup date [Fri Nov 02 09:20:50 CST 2018]; parent: org.springframework.context.annotation.AnnotationConfigApplicationContext@7d20d0b]-[o.s.b.c.e.AnnotationConfigEmbeddedWebApplicationContext.java:583]-[main]
|2018-11-02 09:20:52.972|||INFO -[BeanFactory id=4ff2d572-199f-3f25-9883-57a50c52853f]-[o.s.cloud.context.scope.GenericScope.java:289]-[main]
|2018-11-02 09:20:53.001|||INFO -[JSR-330 'javax.inject.Inject' annotation found and supported for autowiring]-[o.s.b.f.a.AutowiredAnnotationBeanPostProcessor.java:155]-[main]
|2018-11-02 09:20:53.080|||INFO -[Bean 'org.springframework.cloud.autoconfigure.ConfigurationPropertiesRebinderAutoConfiguration' of type [org.springframework.cloud.autoconfigure.ConfigurationPropertiesRebinderAutoConfiguration$$EnhancerBySpringCGLIB$$164b204a] is not eligible for getting processed by all BeanPostProcessors (for example: not eligible for auto-proxying)]-[o.s.c.s.PostProcessorRegistrationDelegate$BeanPostProcessorChecker.java:327]-[main]
|2018-11-02 09:20:53.582|||INFO -[Tomcat initialized with port(s): 4040 (http)]-[o.s.b.c.e.t.TomcatEmbeddedServletContainer.java:89]-[main]
|2018-11-02 09:20:53.593|||INFO -[Starting service [Tomcat]]-[o.a.catalina.core.StandardService.java:179]-[main]
|2018-11-02 09:20:53.594|||INFO -[Starting Servlet Engine: Apache Tomcat/8.5.23]-[o.a.catalina.core.StandardEngine.java:179]-[main]
|2018-11-02 09:20:53.792|||INFO -[Initializing Spring embedded WebApplicationContext]-[o.a.c.c.C.[Tomcat].[localhost].[/].java:179]-[localhost-startStop-1]
|2018-11-02 09:20:53.792|||INFO -[Root WebApplicationContext: initialization completed in 3506 ms]-[o.s.web.context.ContextLoader.java:276]-[localhost-startStop-1]
|2018-11-02 09:20:54.846|||INFO -[Mapping filter: 'metricsFilter' to: [/*]]-[o.s.b.w.s.FilterRegistrationBean.java:258]-[localhost-startStop-1]
|2018-11-02 09:20:54.847|||INFO -[Mapping filter: 'characterEncodingFilter' to: [/*]]-[o.s.b.w.s.FilterRegistrationBean.java:258]-[localhost-startStop-1]
|2018-11-02 09:20:54.847|||INFO -[Mapping filter: 'sxfTraceFilter' to urls: [/*]]-[o.s.b.w.s.FilterRegistrationBean.java:271]-[localhost-startStop-1]
|2018-11-02 09:20:54.848|||INFO -[Mapping filter: 'hiddenHttpMethodFilter' to: [/*]]-[o.s.b.w.s.FilterRegistrationBean.java:258]-[localhost-startStop-1]
|2018-11-02 09:20:54.848|||INFO -[Mapping filter: 'httpPutFormContentFilter' to: [/*]]-[o.s.b.w.s.FilterRegistrationBean.java:258]-[localhost-startStop-1]
|2018-11-02 09:20:54.848|||INFO -[Mapping filter: 'requestContextFilter' to: [/*]]-[o.s.b.w.s.FilterRegistrationBean.java:258]-[localhost-startStop-1]
|2018-11-02 09:20:54.848|||INFO -[Mapping filter: 'webRequestTraceFilter' to: [/*]]-[o.s.b.w.s.FilterRegistrationBean.java:258]-[localhost-startStop-1]
|2018-11-02 09:20:54.849|||INFO -[Mapping filter: 'servletContainer' to urls: [/eureka/*]]-[o.s.b.w.s.FilterRegistrationBean.java:271]-[localhost-startStop-1]
|2018-11-02 09:20:54.849|||INFO -[Mapping filter: 'applicationContextIdFilter' to: [/*]]-[o.s.b.w.s.FilterRegistrationBean.java:258]-[localhost-startStop-1]
|2018-11-02 09:20:54.849|||INFO -[Mapping servlet: 'dispatcherServlet' to [/]]-[o.s.b.w.s.ServletRegistrationBean.java:190]-[localhost-startStop-1]
|2018-11-02 09:20:54.984|||INFO -[Initiating Jersey application, version 'Jersey: 1.19.1 03/11/2016 02:08 PM']-[c.s.j.s.i.a.WebApplicationImpl.java:815]-[localhost-startStop-1]
|2018-11-02 09:20:55.144|||INFO -[Using JSON encoding codec LegacyJacksonJson]-[c.n.d.p.DiscoveryJerseyProvider.java:70]-[localhost-startStop-1]
|2018-11-02 09:20:55.145|||INFO -[Using JSON decoding codec LegacyJacksonJson]-[c.n.d.p.DiscoveryJerseyProvider.java:71]-[localhost-startStop-1]
|2018-11-02 09:20:55.423|||INFO -[Using XML encoding codec XStreamXml]-[c.n.d.p.DiscoveryJerseyProvider.java:80]-[localhost-startStop-1]
|2018-11-02 09:20:55.424|||INFO -[Using XML decoding codec XStreamXml]-[c.n.d.p.DiscoveryJerseyProvider.java:81]-[localhost-startStop-1]
|2018-11-02 09:20:56.615|||WARN -[No URLs will be polled as dynamic configuration sources.]-[c.n.c.sources.URLConfigurationSource.java:121]-[main]
|2018-11-02 09:20:56.615|||INFO -[To enable URLs as dynamic configuration sources, define System property archaius.configurationSource.additionalUrls or make config.properties available on classpath.]-[c.n.c.sources.URLConfigurationSource.java:122]-[main]
|2018-11-02 09:20:56.637|||WARN -[No URLs will be polled as dynamic configuration sources.]-[c.n.c.sources.URLConfigurationSource.java:121]-[main]
|2018-11-02 09:20:56.637|||INFO -[To enable URLs as dynamic configuration sources, define System property archaius.configurationSource.additionalUrls or make config.properties available on classpath.]-[c.n.c.sources.URLConfigurationSource.java:122]-[main]
|2018-11-02 09:20:57.047|||INFO -[Looking for @ControllerAdvice: org.springframework.boot.context.embedded.AnnotationConfigEmbeddedWebApplicationContext@68ad99fe: startup date [Fri Nov 02 09:20:50 CST 2018]; parent: org.springframework.context.annotation.AnnotationConfigApplicationContext@7d20d0b]-[o.s.w.s.m.m.a.RequestMappingHandlerAdapter.java:534]-[main]
|2018-11-02 09:20:57.158|||INFO -[Mapped "{[/error]}" onto public org.springframework.http.ResponseEntity<java.util.Map<java.lang.String, java.lang.Object>> org.springframework.boot.autoconfigure.web.BasicErrorController.error(javax.servlet.http.HttpServletRequest)]-[o.s.w.s.m.m.a.RequestMappingHandlerMapping.java:543]-[main]
|2018-11-02 09:20:57.160|||INFO -[Mapped "{[/error],produces=[text/html]}" onto public org.springframework.web.servlet.ModelAndView org.springframework.boot.autoconfigure.web.BasicErrorController.errorHtml(javax.servlet.http.HttpServletRequest,javax.servlet.http.HttpServletResponse)]-[o.s.w.s.m.m.a.RequestMappingHandlerMapping.java:543]-[main]
|2018-11-02 09:20:57.166|||INFO -[Mapped "{[/],methods=[GET]}" onto public java.lang.String org.springframework.cloud.netflix.eureka.server.EurekaController.status(javax.servlet.http.HttpServletRequest,java.util.Map<java.lang.String, java.lang.Object>)]-[o.s.w.s.m.m.a.RequestMappingHandlerMapping.java:543]-[main]
|2018-11-02 09:20:57.167|||INFO -[Mapped "{[/lastn],methods=[GET]}" onto public java.lang.String org.springframework.cloud.netflix.eureka.server.EurekaController.lastn(javax.servlet.http.HttpServletRequest,java.util.Map<java.lang.String, java.lang.Object>)]-[o.s.w.s.m.m.a.RequestMappingHandlerMapping.java:543]-[main]
|2018-11-02 09:20:57.215|||INFO -[Mapped URL path [/webjars/**] onto handler of type [class org.springframework.web.servlet.resource.ResourceHttpRequestHandler]]-[o.s.w.s.h.SimpleUrlHandlerMapping.java:362]-[main]
|2018-11-02 09:20:57.215|||INFO -[Mapped URL path [/**] onto handler of type [class org.springframework.web.servlet.resource.ResourceHttpRequestHandler]]-[o.s.w.s.h.SimpleUrlHandlerMapping.java:362]-[main]
|2018-11-02 09:20:57.287|||INFO -[Mapped URL path [/**/favicon.ico] onto handler of type [class org.springframework.web.servlet.resource.ResourceHttpRequestHandler]]-[o.s.w.s.h.SimpleUrlHandlerMapping.java:362]-[main]
|2018-11-02 09:20:58.831|||INFO -[Mapped "{[/service-registry/instance-status],methods=[GET]}" onto public org.springframework.http.ResponseEntity org.springframework.cloud.client.serviceregistry.endpoint.ServiceRegistryEndpoint.getStatus()]-[o.s.b.a.e.mvc.EndpointHandlerMapping.java:543]-[main]
|2018-11-02 09:20:58.832|||INFO -[Mapped "{[/service-registry/instance-status],methods=[POST]}" onto public org.springframework.http.ResponseEntity<?> org.springframework.cloud.client.serviceregistry.endpoint.ServiceRegistryEndpoint.setStatus(java.lang.String)]-[o.s.b.a.e.mvc.EndpointHandlerMapping.java:543]-[main]
|2018-11-02 09:20:58.833|||INFO -[Mapped "{[/refresh || /refresh.json],methods=[POST]}" onto public java.lang.Object org.springframework.cloud.endpoint.GenericPostableMvcEndpoint.invoke()]-[o.s.b.a.e.mvc.EndpointHandlerMapping.java:543]-[main]
|2018-11-02 09:20:58.834|||INFO -[Mapped "{[/configprops || /configprops.json],methods=[GET],produces=[application/vnd.spring-boot.actuator.v1+json || application/json]}" onto public java.lang.Object org.springframework.boot.actuate.endpoint.mvc.EndpointMvcAdapter.invoke()]-[o.s.b.a.e.mvc.EndpointHandlerMapping.java:543]-[main]
|2018-11-02 09:20:58.835|||INFO -[Mapped "{[/heapdump || /heapdump.json],methods=[GET],produces=[application/octet-stream]}" onto public void org.springframework.boot.actuate.endpoint.mvc.HeapdumpMvcEndpoint.invoke(boolean,javax.servlet.http.HttpServletRequest,javax.servlet.http.HttpServletResponse) throws java.io.IOException,javax.servlet.ServletException]-[o.s.b.a.e.mvc.EndpointHandlerMapping.java:543]-[main]
|2018-11-02 09:20:58.836|||INFO -[Mapped "{[/autoconfig || /autoconfig.json],methods=[GET],produces=[application/vnd.spring-boot.actuator.v1+json || application/json]}" onto public java.lang.Object org.springframework.boot.actuate.endpoint.mvc.EndpointMvcAdapter.invoke()]-[o.s.b.a.e.mvc.EndpointHandlerMapping.java:543]-[main]
|2018-11-02 09:20:58.836|||INFO -[Mapped "{[/dump || /dump.json],methods=[GET],produces=[application/vnd.spring-boot.actuator.v1+json || application/json]}" onto public java.lang.Object org.springframework.boot.actuate.endpoint.mvc.EndpointMvcAdapter.invoke()]-[o.s.b.a.e.mvc.EndpointHandlerMapping.java:543]-[main]
|2018-11-02 09:20:58.837|||INFO -[Mapped "{[/beans || /beans.json],methods=[GET],produces=[application/vnd.spring-boot.actuator.v1+json || application/json]}" onto public java.lang.Object org.springframework.boot.actuate.endpoint.mvc.EndpointMvcAdapter.invoke()]-[o.s.b.a.e.mvc.EndpointHandlerMapping.java:543]-[main]
|2018-11-02 09:20:58.838|||INFO -[Mapped "{[/env],methods=[POST]}" onto public java.lang.Object org.springframework.cloud.context.environment.EnvironmentManagerMvcEndpoint.value(java.util.Map<java.lang.String, java.lang.String>)]-[o.s.b.a.e.mvc.EndpointHandlerMapping.java:543]-[main]
|2018-11-02 09:20:58.838|||INFO -[Mapped "{[/env/reset],methods=[POST]}" onto public java.util.Map<java.lang.String, java.lang.Object> org.springframework.cloud.context.environment.EnvironmentManagerMvcEndpoint.reset()]-[o.s.b.a.e.mvc.EndpointHandlerMapping.java:543]-[main]
|2018-11-02 09:20:58.839|||INFO -[Mapped "{[/archaius || /archaius.json],methods=[GET],produces=[application/vnd.spring-boot.actuator.v1+json || application/json]}" onto public java.lang.Object org.springframework.boot.actuate.endpoint.mvc.EndpointMvcAdapter.invoke()]-[o.s.b.a.e.mvc.EndpointHandlerMapping.java:543]-[main]
|2018-11-02 09:20:58.841|||INFO -[Mapped "{[/features || /features.json],methods=[GET],produces=[application/vnd.spring-boot.actuator.v1+json || application/json]}" onto public java.lang.Object org.springframework.boot.actuate.endpoint.mvc.EndpointMvcAdapter.invoke()]-[o.s.b.a.e.mvc.EndpointHandlerMapping.java:543]-[main]
|2018-11-02 09:20:58.842|||INFO -[Mapped "{[/env/{name:.*}],methods=[GET],produces=[application/vnd.spring-boot.actuator.v1+json || application/json]}" onto public java.lang.Object org.springframework.boot.actuate.endpoint.mvc.EnvironmentMvcEndpoint.value(java.lang.String)]-[o.s.b.a.e.mvc.EndpointHandlerMapping.java:543]-[main]
|2018-11-02 09:20:58.843|||INFO -[Mapped "{[/env || /env.json],methods=[GET],produces=[application/vnd.spring-boot.actuator.v1+json || application/json]}" onto public java.lang.Object org.springframework.boot.actuate.endpoint.mvc.EndpointMvcAdapter.invoke()]-[o.s.b.a.e.mvc.EndpointHandlerMapping.java:543]-[main]
|2018-11-02 09:20:58.845|||INFO -[Mapped "{[/loggers/{name:.*}],methods=[GET],produces=[application/vnd.spring-boot.actuator.v1+json || application/json]}" onto public java.lang.Object org.springframework.boot.actuate.endpoint.mvc.LoggersMvcEndpoint.get(java.lang.String)]-[o.s.b.a.e.mvc.EndpointHandlerMapping.java:543]-[main]
|2018-11-02 09:20:58.845|||INFO -[Mapped "{[/loggers/{name:.*}],methods=[POST],consumes=[application/vnd.spring-boot.actuator.v1+json || application/json],produces=[application/vnd.spring-boot.actuator.v1+json || application/json]}" onto public java.lang.Object org.springframework.boot.actuate.endpoint.mvc.LoggersMvcEndpoint.set(java.lang.String,java.util.Map<java.lang.String, java.lang.String>)]-[o.s.b.a.e.mvc.EndpointHandlerMapping.java:543]-[main]
|2018-11-02 09:20:58.845|||INFO -[Mapped "{[/loggers || /loggers.json],methods=[GET],produces=[application/vnd.spring-boot.actuator.v1+json || application/json]}" onto public java.lang.Object org.springframework.boot.actuate.endpoint.mvc.EndpointMvcAdapter.invoke()]-[o.s.b.a.e.mvc.EndpointHandlerMapping.java:543]-[main]
|2018-11-02 09:20:58.847|||INFO -[Mapped "{[/auditevents || /auditevents.json],methods=[GET],produces=[application/vnd.spring-boot.actuator.v1+json || application/json]}" onto public org.springframework.http.ResponseEntity<?> org.springframework.boot.actuate.endpoint.mvc.AuditEventsMvcEndpoint.findByPrincipalAndAfterAndType(java.lang.String,java.util.Date,java.lang.String)]-[o.s.b.a.e.mvc.EndpointHandlerMapping.java:543]-[main]
|2018-11-02 09:20:58.847|||INFO -[Mapped "{[/info || /info.json],methods=[GET],produces=[application/vnd.spring-boot.actuator.v1+json || application/json]}" onto public java.lang.Object org.springframework.boot.actuate.endpoint.mvc.EndpointMvcAdapter.invoke()]-[o.s.b.a.e.mvc.EndpointHandlerMapping.java:543]-[main]
|2018-11-02 09:20:58.848|||INFO -[Mapped "{[/metrics/{name:.*}],methods=[GET],produces=[application/vnd.spring-boot.actuator.v1+json || application/json]}" onto public java.lang.Object org.springframework.boot.actuate.endpoint.mvc.MetricsMvcEndpoint.value(java.lang.String)]-[o.s.b.a.e.mvc.EndpointHandlerMapping.java:543]-[main]
|2018-11-02 09:20:58.848|||INFO -[Mapped "{[/metrics || /metrics.json],methods=[GET],produces=[application/vnd.spring-boot.actuator.v1+json || application/json]}" onto public java.lang.Object org.springframework.boot.actuate.endpoint.mvc.EndpointMvcAdapter.invoke()]-[o.s.b.a.e.mvc.EndpointHandlerMapping.java:543]-[main]
|2018-11-02 09:20:58.849|||INFO -[Mapped "{[/health || /health.json],methods=[GET],produces=[application/vnd.spring-boot.actuator.v1+json || application/json]}" onto public java.lang.Object org.springframework.boot.actuate.endpoint.mvc.HealthMvcEndpoint.invoke(javax.servlet.http.HttpServletRequest,java.security.Principal)]-[o.s.b.a.e.mvc.EndpointHandlerMapping.java:543]-[main]
|2018-11-02 09:20:58.850|||INFO -[Mapped "{[/mappings || /mappings.json],methods=[GET],produces=[application/vnd.spring-boot.actuator.v1+json || application/json]}" onto public java.lang.Object org.springframework.boot.actuate.endpoint.mvc.EndpointMvcAdapter.invoke()]-[o.s.b.a.e.mvc.EndpointHandlerMapping.java:543]-[main]
|2018-11-02 09:20:58.851|||INFO -[Mapped "{[/trace || /trace.json],methods=[GET],produces=[application/vnd.spring-boot.actuator.v1+json || application/json]}" onto public java.lang.Object org.springframework.boot.actuate.endpoint.mvc.EndpointMvcAdapter.invoke()]-[o.s.b.a.e.mvc.EndpointHandlerMapping.java:543]-[main]
|2018-11-02 09:20:59.023|||INFO -[SpringTemplateLoader for FreeMarker: using resource loader [org.springframework.boot.context.embedded.AnnotationConfigEmbeddedWebApplicationContext@68ad99fe: startup date [Fri Nov 02 09:20:50 CST 2018]; parent: org.springframework.context.annotation.AnnotationConfigApplicationContext@7d20d0b] and template loader path [classpath:/templates/]]-[o.s.u.f.SpringTemplateLoader.java:61]-[main]
|2018-11-02 09:20:59.025|||INFO -[ClassTemplateLoader for Spring macros added to FreeMarker configuration]-[o.s.w.s.v.f.FreeMarkerConfigurer.java:127]-[main]
|2018-11-02 09:20:59.325|||INFO -[Setting initial instance status as: STARTING]-[o.s.c.n.eureka.InstanceInfoFactory.java:71]-[main]
|2018-11-02 09:20:59.391|||INFO -[Initializing Eureka in region us-east-1]-[c.netflix.discovery.DiscoveryClient.java:347]-[main]
|2018-11-02 09:20:59.391|||INFO -[Client configured to neither register nor query for data.]-[c.netflix.discovery.DiscoveryClient.java:350]-[main]
|2018-11-02 09:20:59.402|||INFO -[Discovery Client initialized at timestamp 1541121659402 with initial instances count: 0]-[c.netflix.discovery.DiscoveryClient.java:363]-[main]
|2018-11-02 09:20:59.450|||INFO -[Initializing ...]-[c.n.e.DefaultEurekaServerContext.java:63]-[main]
|2018-11-02 09:20:59.452|||INFO -[Adding new peer nodes [http://localhost:4040/eureka/]]-[c.n.eureka.cluster.PeerEurekaNodes.java:188]-[main]
|2018-11-02 09:21:00.033|||INFO -[Using JSON encoding codec LegacyJacksonJson]-[c.n.d.p.DiscoveryJerseyProvider.java:70]-[main]
|2018-11-02 09:21:00.034|||INFO -[Using JSON decoding codec LegacyJacksonJson]-[c.n.d.p.DiscoveryJerseyProvider.java:71]-[main]
|2018-11-02 09:21:00.034|||INFO -[Using XML encoding codec XStreamXml]-[c.n.d.p.DiscoveryJerseyProvider.java:80]-[main]
|2018-11-02 09:21:00.034|||INFO -[Using XML decoding codec XStreamXml]-[c.n.d.p.DiscoveryJerseyProvider.java:81]-[main]
|2018-11-02 09:21:00.214|||INFO -[Replica node URL:  http://localhost:4040/eureka/]-[c.n.eureka.cluster.PeerEurekaNodes.java:110]-[main]
|2018-11-02 09:21:00.226|||INFO -[Finished initializing remote region registries. All known remote regions: []]-[c.n.e.r.AbstractInstanceRegistry.java:152]-[main]
|2018-11-02 09:21:00.228|||INFO -[Initialized]-[c.n.e.DefaultEurekaServerContext.java:66]-[main]
|2018-11-02 09:21:00.327|||INFO -[Registering beans for JMX exposure on startup]-[o.s.j.e.a.AnnotationMBeanExporter.java:431]-[main]
|2018-11-02 09:21:00.343|||INFO -[Bean with name 'configurationPropertiesRebinder' has been autodetected for JMX exposure]-[o.s.j.e.a.AnnotationMBeanExporter.java:916]-[main]
|2018-11-02 09:21:00.344|||INFO -[Bean with name 'refreshEndpoint' has been autodetected for JMX exposure]-[o.s.j.e.a.AnnotationMBeanExporter.java:916]-[main]
|2018-11-02 09:21:00.345|||INFO -[Bean with name 'environmentManager' has been autodetected for JMX exposure]-[o.s.j.e.a.AnnotationMBeanExporter.java:916]-[main]
|2018-11-02 09:21:00.349|||INFO -[Bean with name 'serviceRegistryEndpoint' has been autodetected for JMX exposure]-[o.s.j.e.a.AnnotationMBeanExporter.java:916]-[main]
|2018-11-02 09:21:00.350|||INFO -[Bean with name 'refreshScope' has been autodetected for JMX exposure]-[o.s.j.e.a.AnnotationMBeanExporter.java:916]-[main]
|2018-11-02 09:21:00.353|||INFO -[Located managed bean 'environmentManager': registering with JMX server as MBean [org.springframework.cloud.context.environment:name=environmentManager,type=EnvironmentManager]]-[o.s.j.e.a.AnnotationMBeanExporter.java:678]-[main]
|2018-11-02 09:21:00.385|||INFO -[Located managed bean 'serviceRegistryEndpoint': registering with JMX server as MBean [org.springframework.cloud.client.serviceregistry.endpoint:name=serviceRegistryEndpoint,type=ServiceRegistryEndpoint]]-[o.s.j.e.a.AnnotationMBeanExporter.java:678]-[main]
|2018-11-02 09:21:00.394|||INFO -[Located managed bean 'refreshScope': registering with JMX server as MBean [org.springframework.cloud.context.scope.refresh:name=refreshScope,type=RefreshScope]]-[o.s.j.e.a.AnnotationMBeanExporter.java:678]-[main]
|2018-11-02 09:21:00.411|||INFO -[Located managed bean 'configurationPropertiesRebinder': registering with JMX server as MBean [org.springframework.cloud.context.properties:name=configurationPropertiesRebinder,context=68ad99fe,type=ConfigurationPropertiesRebinder]]-[o.s.j.e.a.AnnotationMBeanExporter.java:678]-[main]
|2018-11-02 09:21:00.425|||INFO -[Located managed bean 'refreshEndpoint': registering with JMX server as MBean [org.springframework.cloud.endpoint:name=refreshEndpoint,type=RefreshEndpoint]]-[o.s.j.e.a.AnnotationMBeanExporter.java:678]-[main]
|2018-11-02 09:21:00.431|||INFO -[Registering beans for JMX exposure on startup]-[o.s.b.a.e.jmx.EndpointMBeanExporter.java:431]-[main]
|2018-11-02 09:21:00.445|||INFO -[Starting beans in phase 0]-[o.s.c.s.DefaultLifecycleProcessor.java:343]-[main]
|2018-11-02 09:21:00.453|||INFO -[Registering application cloud-registry with eureka with status UP]-[o.s.c.n.e.s.EurekaServiceRegistry.java:40]-[main]
|2018-11-02 09:21:00.457|||INFO -[Located managed bean 'auditEventsEndpoint': registering with JMX server as MBean [org.springframework.boot:type=Endpoint,name=auditEventsEndpoint]]-[o.s.b.a.e.jmx.EndpointMBeanExporter.java:678]-[main]
|2018-11-02 09:21:00.471|||INFO -[Located managed bean 'archaiusEndpoint': registering with JMX server as MBean [org.springframework.boot:type=Endpoint,name=archaiusEndpoint]]-[o.s.b.a.e.jmx.EndpointMBeanExporter.java:678]-[main]
|2018-11-02 09:21:00.487|||INFO -[Located managed bean 'featuresEndpoint': registering with JMX server as MBean [org.springframework.boot:type=Endpoint,name=featuresEndpoint]]-[o.s.b.a.e.jmx.EndpointMBeanExporter.java:678]-[main]
|2018-11-02 09:21:00.491|||INFO -[Located managed bean 'requestMappingEndpoint': registering with JMX server as MBean [org.springframework.boot:type=Endpoint,name=requestMappingEndpoint]]-[o.s.b.a.e.jmx.EndpointMBeanExporter.java:678]-[main]
|2018-11-02 09:21:00.494|||INFO -[Located managed bean 'environmentEndpoint': registering with JMX server as MBean [org.springframework.boot:type=Endpoint,name=environmentEndpoint]]-[o.s.b.a.e.jmx.EndpointMBeanExporter.java:678]-[main]
|2018-11-02 09:21:00.498|||INFO -[Located managed bean 'healthEndpoint': registering with JMX server as MBean [org.springframework.boot:type=Endpoint,name=healthEndpoint]]-[o.s.b.a.e.jmx.EndpointMBeanExporter.java:678]-[main]
|2018-11-02 09:21:00.501|||INFO -[Located managed bean 'beansEndpoint': registering with JMX server as MBean [org.springframework.boot:type=Endpoint,name=beansEndpoint]]-[o.s.b.a.e.jmx.EndpointMBeanExporter.java:678]-[main]
|2018-11-02 09:21:00.505|||INFO -[Located managed bean 'infoEndpoint': registering with JMX server as MBean [org.springframework.boot:type=Endpoint,name=infoEndpoint]]-[o.s.b.a.e.jmx.EndpointMBeanExporter.java:678]-[main]
|2018-11-02 09:21:00.509|||INFO -[Located managed bean 'loggersEndpoint': registering with JMX server as MBean [org.springframework.boot:type=Endpoint,name=loggersEndpoint]]-[o.s.b.a.e.jmx.EndpointMBeanExporter.java:678]-[main]
|2018-11-02 09:21:00.516|||INFO -[Located managed bean 'metricsEndpoint': registering with JMX server as MBean [org.springframework.boot:type=Endpoint,name=metricsEndpoint]]-[o.s.b.a.e.jmx.EndpointMBeanExporter.java:678]-[main]
|2018-11-02 09:21:00.521|||INFO -[Located managed bean 'traceEndpoint': registering with JMX server as MBean [org.springframework.boot:type=Endpoint,name=traceEndpoint]]-[o.s.b.a.e.jmx.EndpointMBeanExporter.java:678]-[main]
|2018-11-02 09:21:00.523|||INFO -[Located managed bean 'dumpEndpoint': registering with JMX server as MBean [org.springframework.boot:type=Endpoint,name=dumpEndpoint]]-[o.s.b.a.e.jmx.EndpointMBeanExporter.java:678]-[main]
|2018-11-02 09:21:00.526|||INFO -[Located managed bean 'autoConfigurationReportEndpoint': registering with JMX server as MBean [org.springframework.boot:type=Endpoint,name=autoConfigurationReportEndpoint]]-[o.s.b.a.e.jmx.EndpointMBeanExporter.java:678]-[main]
|2018-11-02 09:21:00.529|||INFO -[Located managed bean 'configurationPropertiesReportEndpoint': registering with JMX server as MBean [org.springframework.boot:type=Endpoint,name=configurationPropertiesReportEndpoint]]-[o.s.b.a.e.jmx.EndpointMBeanExporter.java:678]-[main]
|2018-11-02 09:21:00.534|||INFO -[Setting the eureka configuration..]-[o.s.c.n.e.s.EurekaServerBootstrap.java:109]-[Thread-40]
|2018-11-02 09:21:00.535|||INFO -[Eureka data center value eureka.datacenter is not set, defaulting to default]-[o.s.c.n.e.s.EurekaServerBootstrap.java:114]-[Thread-40]
|2018-11-02 09:21:00.536|||INFO -[Eureka environment value eureka.environment is not set, defaulting to test]-[o.s.c.n.e.s.EurekaServerBootstrap.java:128]-[Thread-40]
|2018-11-02 09:24:58.954|||INFO -[Refreshing org.springframework.context.annotation.AnnotationConfigApplicationContext@7d20d0b: startup date [Fri Nov 02 09:24:58 CST 2018]; root of context hierarchy]-[o.s.c.a.AnnotationConfigApplicationContext.java:583]-[main]
|2018-11-02 09:24:59.330|||INFO -[JSR-330 'javax.inject.Inject' annotation found and supported for autowiring]-[o.s.b.f.a.AutowiredAnnotationBeanPostProcessor.java:155]-[main]
|2018-11-02 09:24:59.422|||INFO -[Bean 'configurationPropertiesRebinderAutoConfiguration' of type [org.springframework.cloud.autoconfigure.ConfigurationPropertiesRebinderAutoConfiguration$$EnhancerBySpringCGLIB$$164b204a] is not eligible for getting processed by all BeanPostProcessors (for example: not eligible for auto-proxying)]-[o.s.c.s.PostProcessorRegistrationDelegate$BeanPostProcessorChecker.java:327]-[main]
|2018-11-02 09:25:00.294|||INFO -[No active profile set, falling back to default profiles: default]-[com.suixingpay.Application.java:593]-[main]
|2018-11-02 09:25:00.321|||INFO -[Refreshing org.springframework.boot.context.embedded.AnnotationConfigEmbeddedWebApplicationContext@68ad99fe: startup date [Fri Nov 02 09:25:00 CST 2018]; parent: org.springframework.context.annotation.AnnotationConfigApplicationContext@7d20d0b]-[o.s.b.c.e.AnnotationConfigEmbeddedWebApplicationContext.java:583]-[main]
|2018-11-02 09:25:01.518|||INFO -[BeanFactory id=4ff2d572-199f-3f25-9883-57a50c52853f]-[o.s.cloud.context.scope.GenericScope.java:289]-[main]
|2018-11-02 09:25:01.544|||INFO -[JSR-330 'javax.inject.Inject' annotation found and supported for autowiring]-[o.s.b.f.a.AutowiredAnnotationBeanPostProcessor.java:155]-[main]
|2018-11-02 09:25:01.623|||INFO -[Bean 'org.springframework.cloud.autoconfigure.ConfigurationPropertiesRebinderAutoConfiguration' of type [org.springframework.cloud.autoconfigure.ConfigurationPropertiesRebinderAutoConfiguration$$EnhancerBySpringCGLIB$$164b204a] is not eligible for getting processed by all BeanPostProcessors (for example: not eligible for auto-proxying)]-[o.s.c.s.PostProcessorRegistrationDelegate$BeanPostProcessorChecker.java:327]-[main]
|2018-11-02 09:25:02.078|||INFO -[Tomcat initialized with port(s): 4040 (http)]-[o.s.b.c.e.t.TomcatEmbeddedServletContainer.java:89]-[main]
|2018-11-02 09:25:02.094|||INFO -[Starting service [Tomcat]]-[o.a.catalina.core.StandardService.java:179]-[main]
|2018-11-02 09:25:02.096|||INFO -[Starting Servlet Engine: Apache Tomcat/8.5.23]-[o.a.catalina.core.StandardEngine.java:179]-[main]
|2018-11-02 09:25:02.306|||INFO -[Initializing Spring embedded WebApplicationContext]-[o.a.c.c.C.[Tomcat].[localhost].[/].java:179]-[localhost-startStop-1]
|2018-11-02 09:25:02.308|||INFO -[Root WebApplicationContext: initialization completed in 1988 ms]-[o.s.web.context.ContextLoader.java:276]-[localhost-startStop-1]
|2018-11-02 09:25:03.096|||INFO -[Mapping filter: 'metricsFilter' to: [/*]]-[o.s.b.w.s.FilterRegistrationBean.java:258]-[localhost-startStop-1]
|2018-11-02 09:25:03.097|||INFO -[Mapping filter: 'characterEncodingFilter' to: [/*]]-[o.s.b.w.s.FilterRegistrationBean.java:258]-[localhost-startStop-1]
|2018-11-02 09:25:03.097|||INFO -[Mapping filter: 'sxfTraceFilter' to urls: [/*]]-[o.s.b.w.s.FilterRegistrationBean.java:271]-[localhost-startStop-1]
|2018-11-02 09:25:03.097|||INFO -[Mapping filter: 'hiddenHttpMethodFilter' to: [/*]]-[o.s.b.w.s.FilterRegistrationBean.java:258]-[localhost-startStop-1]
|2018-11-02 09:25:03.098|||INFO -[Mapping filter: 'httpPutFormContentFilter' to: [/*]]-[o.s.b.w.s.FilterRegistrationBean.java:258]-[localhost-startStop-1]
|2018-11-02 09:25:03.098|||INFO -[Mapping filter: 'requestContextFilter' to: [/*]]-[o.s.b.w.s.FilterRegistrationBean.java:258]-[localhost-startStop-1]
|2018-11-02 09:25:03.098|||INFO -[Mapping filter: 'webRequestTraceFilter' to: [/*]]-[o.s.b.w.s.FilterRegistrationBean.java:258]-[localhost-startStop-1]
|2018-11-02 09:25:03.099|||INFO -[Mapping filter: 'servletContainer' to urls: [/eureka/*]]-[o.s.b.w.s.FilterRegistrationBean.java:271]-[localhost-startStop-1]
|2018-11-02 09:25:03.099|||INFO -[Mapping filter: 'applicationContextIdFilter' to: [/*]]-[o.s.b.w.s.FilterRegistrationBean.java:258]-[localhost-startStop-1]
|2018-11-02 09:25:03.099|||INFO -[Mapping servlet: 'dispatcherServlet' to [/]]-[o.s.b.w.s.ServletRegistrationBean.java:190]-[localhost-startStop-1]
|2018-11-02 09:25:03.207|||INFO -[Initiating Jersey application, version 'Jersey: 1.19.1 03/11/2016 02:08 PM']-[c.s.j.s.i.a.WebApplicationImpl.java:815]-[localhost-startStop-1]
|2018-11-02 09:25:03.338|||INFO -[Using JSON encoding codec LegacyJacksonJson]-[c.n.d.p.DiscoveryJerseyProvider.java:70]-[localhost-startStop-1]
|2018-11-02 09:25:03.339|||INFO -[Using JSON decoding codec LegacyJacksonJson]-[c.n.d.p.DiscoveryJerseyProvider.java:71]-[localhost-startStop-1]
|2018-11-02 09:25:03.498|||INFO -[Using XML encoding codec XStreamXml]-[c.n.d.p.DiscoveryJerseyProvider.java:80]-[localhost-startStop-1]
|2018-11-02 09:25:03.498|||INFO -[Using XML decoding codec XStreamXml]-[c.n.d.p.DiscoveryJerseyProvider.java:81]-[localhost-startStop-1]
|2018-11-02 09:25:04.249|||WARN -[No URLs will be polled as dynamic configuration sources.]-[c.n.c.sources.URLConfigurationSource.java:121]-[main]
|2018-11-02 09:25:04.250|||INFO -[To enable URLs as dynamic configuration sources, define System property archaius.configurationSource.additionalUrls or make config.properties available on classpath.]-[c.n.c.sources.URLConfigurationSource.java:122]-[main]
|2018-11-02 09:25:04.263|||WARN -[No URLs will be polled as dynamic configuration sources.]-[c.n.c.sources.URLConfigurationSource.java:121]-[main]
|2018-11-02 09:25:04.264|||INFO -[To enable URLs as dynamic configuration sources, define System property archaius.configurationSource.additionalUrls or make config.properties available on classpath.]-[c.n.c.sources.URLConfigurationSource.java:122]-[main]
|2018-11-02 09:25:04.593|||INFO -[Looking for @ControllerAdvice: org.springframework.boot.context.embedded.AnnotationConfigEmbeddedWebApplicationContext@68ad99fe: startup date [Fri Nov 02 09:25:00 CST 2018]; parent: org.springframework.context.annotation.AnnotationConfigApplicationContext@7d20d0b]-[o.s.w.s.m.m.a.RequestMappingHandlerAdapter.java:534]-[main]
|2018-11-02 09:25:04.669|||INFO -[Mapped "{[/error]}" onto public org.springframework.http.ResponseEntity<java.util.Map<java.lang.String, java.lang.Object>> org.springframework.boot.autoconfigure.web.BasicErrorController.error(javax.servlet.http.HttpServletRequest)]-[o.s.w.s.m.m.a.RequestMappingHandlerMapping.java:543]-[main]
|2018-11-02 09:25:04.670|||INFO -[Mapped "{[/error],produces=[text/html]}" onto public org.springframework.web.servlet.ModelAndView org.springframework.boot.autoconfigure.web.BasicErrorController.errorHtml(javax.servlet.http.HttpServletRequest,javax.servlet.http.HttpServletResponse)]-[o.s.w.s.m.m.a.RequestMappingHandlerMapping.java:543]-[main]
|2018-11-02 09:25:04.676|||INFO -[Mapped "{[/],methods=[GET]}" onto public java.lang.String org.springframework.cloud.netflix.eureka.server.EurekaController.status(javax.servlet.http.HttpServletRequest,java.util.Map<java.lang.String, java.lang.Object>)]-[o.s.w.s.m.m.a.RequestMappingHandlerMapping.java:543]-[main]
|2018-11-02 09:25:04.678|||INFO -[Mapped "{[/lastn],methods=[GET]}" onto public java.lang.String org.springframework.cloud.netflix.eureka.server.EurekaController.lastn(javax.servlet.http.HttpServletRequest,java.util.Map<java.lang.String, java.lang.Object>)]-[o.s.w.s.m.m.a.RequestMappingHandlerMapping.java:543]-[main]
|2018-11-02 09:25:04.720|||INFO -[Mapped URL path [/webjars/**] onto handler of type [class org.springframework.web.servlet.resource.ResourceHttpRequestHandler]]-[o.s.w.s.h.SimpleUrlHandlerMapping.java:362]-[main]
|2018-11-02 09:25:04.721|||INFO -[Mapped URL path [/**] onto handler of type [class org.springframework.web.servlet.resource.ResourceHttpRequestHandler]]-[o.s.w.s.h.SimpleUrlHandlerMapping.java:362]-[main]
|2018-11-02 09:25:04.782|||INFO -[Mapped URL path [/**/favicon.ico] onto handler of type [class org.springframework.web.servlet.resource.ResourceHttpRequestHandler]]-[o.s.w.s.h.SimpleUrlHandlerMapping.java:362]-[main]
|2018-11-02 09:25:06.152|||INFO -[Mapped "{[/mappings || /mappings.json],methods=[GET],produces=[application/vnd.spring-boot.actuator.v1+json || application/json]}" onto public java.lang.Object org.springframework.boot.actuate.endpoint.mvc.EndpointMvcAdapter.invoke()]-[o.s.b.a.e.mvc.EndpointHandlerMapping.java:543]-[main]
|2018-11-02 09:25:06.153|||INFO -[Mapped "{[/env],methods=[POST]}" onto public java.lang.Object org.springframework.cloud.context.environment.EnvironmentManagerMvcEndpoint.value(java.util.Map<java.lang.String, java.lang.String>)]-[o.s.b.a.e.mvc.EndpointHandlerMapping.java:543]-[main]
|2018-11-02 09:25:06.154|||INFO -[Mapped "{[/env/reset],methods=[POST]}" onto public java.util.Map<java.lang.String, java.lang.Object> org.springframework.cloud.context.environment.EnvironmentManagerMvcEndpoint.reset()]-[o.s.b.a.e.mvc.EndpointHandlerMapping.java:543]-[main]
|2018-11-02 09:25:06.155|||INFO -[Mapped "{[/features || /features.json],methods=[GET],produces=[application/vnd.spring-boot.actuator.v1+json || application/json]}" onto public java.lang.Object org.springframework.boot.actuate.endpoint.mvc.EndpointMvcAdapter.invoke()]-[o.s.b.a.e.mvc.EndpointHandlerMapping.java:543]-[main]
|2018-11-02 09:25:06.157|||INFO -[Mapped "{[/archaius || /archaius.json],methods=[GET],produces=[application/vnd.spring-boot.actuator.v1+json || application/json]}" onto public java.lang.Object org.springframework.boot.actuate.endpoint.mvc.EndpointMvcAdapter.invoke()]-[o.s.b.a.e.mvc.EndpointHandlerMapping.java:543]-[main]
|2018-11-02 09:25:06.158|||INFO -[Mapped "{[/heapdump || /heapdump.json],methods=[GET],produces=[application/octet-stream]}" onto public void org.springframework.boot.actuate.endpoint.mvc.HeapdumpMvcEndpoint.invoke(boolean,javax.servlet.http.HttpServletRequest,javax.servlet.http.HttpServletResponse) throws java.io.IOException,javax.servlet.ServletException]-[o.s.b.a.e.mvc.EndpointHandlerMapping.java:543]-[main]
|2018-11-02 09:25:06.159|||INFO -[Mapped "{[/autoconfig || /autoconfig.json],methods=[GET],produces=[application/vnd.spring-boot.actuator.v1+json || application/json]}" onto public java.lang.Object org.springframework.boot.actuate.endpoint.mvc.EndpointMvcAdapter.invoke()]-[o.s.b.a.e.mvc.EndpointHandlerMapping.java:543]-[main]
|2018-11-02 09:25:06.161|||INFO -[Mapped "{[/auditevents || /auditevents.json],methods=[GET],produces=[application/vnd.spring-boot.actuator.v1+json || application/json]}" onto public org.springframework.http.ResponseEntity<?> org.springframework.boot.actuate.endpoint.mvc.AuditEventsMvcEndpoint.findByPrincipalAndAfterAndType(java.lang.String,java.util.Date,java.lang.String)]-[o.s.b.a.e.mvc.EndpointHandlerMapping.java:543]-[main]
|2018-11-02 09:25:06.165|||INFO -[Mapped "{[/env/{name:.*}],methods=[GET],produces=[application/vnd.spring-boot.actuator.v1+json || application/json]}" onto public java.lang.Object org.springframework.boot.actuate.endpoint.mvc.EnvironmentMvcEndpoint.value(java.lang.String)]-[o.s.b.a.e.mvc.EndpointHandlerMapping.java:543]-[main]
|2018-11-02 09:25:06.166|||INFO -[Mapped "{[/env || /env.json],methods=[GET],produces=[application/vnd.spring-boot.actuator.v1+json || application/json]}" onto public java.lang.Object org.springframework.boot.actuate.endpoint.mvc.EndpointMvcAdapter.invoke()]-[o.s.b.a.e.mvc.EndpointHandlerMapping.java:543]-[main]
|2018-11-02 09:25:06.167|||INFO -[Mapped "{[/refresh || /refresh.json],methods=[POST]}" onto public java.lang.Object org.springframework.cloud.endpoint.GenericPostableMvcEndpoint.invoke()]-[o.s.b.a.e.mvc.EndpointHandlerMapping.java:543]-[main]
|2018-11-02 09:25:06.169|||INFO -[Mapped "{[/loggers/{name:.*}],methods=[GET],produces=[application/vnd.spring-boot.actuator.v1+json || application/json]}" onto public java.lang.Object org.springframework.boot.actuate.endpoint.mvc.LoggersMvcEndpoint.get(java.lang.String)]-[o.s.b.a.e.mvc.EndpointHandlerMapping.java:543]-[main]
|2018-11-02 09:25:06.170|||INFO -[Mapped "{[/loggers/{name:.*}],methods=[POST],consumes=[application/vnd.spring-boot.actuator.v1+json || application/json],produces=[application/vnd.spring-boot.actuator.v1+json || application/json]}" onto public java.lang.Object org.springframework.boot.actuate.endpoint.mvc.LoggersMvcEndpoint.set(java.lang.String,java.util.Map<java.lang.String, java.lang.String>)]-[o.s.b.a.e.mvc.EndpointHandlerMapping.java:543]-[main]
|2018-11-02 09:25:06.170|||INFO -[Mapped "{[/loggers || /loggers.json],methods=[GET],produces=[application/vnd.spring-boot.actuator.v1+json || application/json]}" onto public java.lang.Object org.springframework.boot.actuate.endpoint.mvc.EndpointMvcAdapter.invoke()]-[o.s.b.a.e.mvc.EndpointHandlerMapping.java:543]-[main]
|2018-11-02 09:25:06.171|||INFO -[Mapped "{[/dump || /dump.json],methods=[GET],produces=[application/vnd.spring-boot.actuator.v1+json || application/json]}" onto public java.lang.Object org.springframework.boot.actuate.endpoint.mvc.EndpointMvcAdapter.invoke()]-[o.s.b.a.e.mvc.EndpointHandlerMapping.java:543]-[main]
|2018-11-02 09:25:06.172|||INFO -[Mapped "{[/info || /info.json],methods=[GET],produces=[application/vnd.spring-boot.actuator.v1+json || application/json]}" onto public java.lang.Object org.springframework.boot.actuate.endpoint.mvc.EndpointMvcAdapter.invoke()]-[o.s.b.a.e.mvc.EndpointHandlerMapping.java:543]-[main]
|2018-11-02 09:25:06.173|||INFO -[Mapped "{[/beans || /beans.json],methods=[GET],produces=[application/vnd.spring-boot.actuator.v1+json || application/json]}" onto public java.lang.Object org.springframework.boot.actuate.endpoint.mvc.EndpointMvcAdapter.invoke()]-[o.s.b.a.e.mvc.EndpointHandlerMapping.java:543]-[main]
|2018-11-02 09:25:06.174|||INFO -[Mapped "{[/service-registry/instance-status],methods=[GET]}" onto public org.springframework.http.ResponseEntity org.springframework.cloud.client.serviceregistry.endpoint.ServiceRegistryEndpoint.getStatus()]-[o.s.b.a.e.mvc.EndpointHandlerMapping.java:543]-[main]
|2018-11-02 09:25:06.174|||INFO -[Mapped "{[/service-registry/instance-status],methods=[POST]}" onto public org.springframework.http.ResponseEntity<?> org.springframework.cloud.client.serviceregistry.endpoint.ServiceRegistryEndpoint.setStatus(java.lang.String)]-[o.s.b.a.e.mvc.EndpointHandlerMapping.java:543]-[main]
|2018-11-02 09:25:06.175|||INFO -[Mapped "{[/trace || /trace.json],methods=[GET],produces=[application/vnd.spring-boot.actuator.v1+json || application/json]}" onto public java.lang.Object org.springframework.boot.actuate.endpoint.mvc.EndpointMvcAdapter.invoke()]-[o.s.b.a.e.mvc.EndpointHandlerMapping.java:543]-[main]
|2018-11-02 09:25:06.176|||INFO -[Mapped "{[/configprops || /configprops.json],methods=[GET],produces=[application/vnd.spring-boot.actuator.v1+json || application/json]}" onto public java.lang.Object org.springframework.boot.actuate.endpoint.mvc.EndpointMvcAdapter.invoke()]-[o.s.b.a.e.mvc.EndpointHandlerMapping.java:543]-[main]
|2018-11-02 09:25:06.177|||INFO -[Mapped "{[/metrics/{name:.*}],methods=[GET],produces=[application/vnd.spring-boot.actuator.v1+json || application/json]}" onto public java.lang.Object org.springframework.boot.actuate.endpoint.mvc.MetricsMvcEndpoint.value(java.lang.String)]-[o.s.b.a.e.mvc.EndpointHandlerMapping.java:543]-[main]
|2018-11-02 09:25:06.178|||INFO -[Mapped "{[/metrics || /metrics.json],methods=[GET],produces=[application/vnd.spring-boot.actuator.v1+json || application/json]}" onto public java.lang.Object org.springframework.boot.actuate.endpoint.mvc.EndpointMvcAdapter.invoke()]-[o.s.b.a.e.mvc.EndpointHandlerMapping.java:543]-[main]
|2018-11-02 09:25:06.180|||INFO -[Mapped "{[/health || /health.json],methods=[GET],produces=[application/vnd.spring-boot.actuator.v1+json || application/json]}" onto public java.lang.Object org.springframework.boot.actuate.endpoint.mvc.HealthMvcEndpoint.invoke(javax.servlet.http.HttpServletRequest,java.security.Principal)]-[o.s.b.a.e.mvc.EndpointHandlerMapping.java:543]-[main]
|2018-11-02 09:25:06.366|||INFO -[SpringTemplateLoader for FreeMarker: using resource loader [org.springframework.boot.context.embedded.AnnotationConfigEmbeddedWebApplicationContext@68ad99fe: startup date [Fri Nov 02 09:25:00 CST 2018]; parent: org.springframework.context.annotation.AnnotationConfigApplicationContext@7d20d0b] and template loader path [classpath:/templates/]]-[o.s.u.f.SpringTemplateLoader.java:61]-[main]
|2018-11-02 09:25:06.368|||INFO -[ClassTemplateLoader for Spring macros added to FreeMarker configuration]-[o.s.w.s.v.f.FreeMarkerConfigurer.java:127]-[main]
|2018-11-02 09:25:06.609|||INFO -[Setting initial instance status as: STARTING]-[o.s.c.n.eureka.InstanceInfoFactory.java:71]-[main]
|2018-11-02 09:25:06.650|||INFO -[Initializing Eureka in region us-east-1]-[c.netflix.discovery.DiscoveryClient.java:347]-[main]
|2018-11-02 09:25:06.651|||INFO -[Client configured to neither register nor query for data.]-[c.netflix.discovery.DiscoveryClient.java:350]-[main]
|2018-11-02 09:25:06.658|||INFO -[Discovery Client initialized at timestamp 1541121906658 with initial instances count: 0]-[c.netflix.discovery.DiscoveryClient.java:363]-[main]
|2018-11-02 09:25:06.720|||INFO -[Initializing ...]-[c.n.e.DefaultEurekaServerContext.java:63]-[main]
|2018-11-02 09:25:06.723|||INFO -[Adding new peer nodes [http://localhost:4040/eureka/]]-[c.n.eureka.cluster.PeerEurekaNodes.java:188]-[main]
|2018-11-02 09:25:07.257|||INFO -[Using JSON encoding codec LegacyJacksonJson]-[c.n.d.p.DiscoveryJerseyProvider.java:70]-[main]
|2018-11-02 09:25:07.258|||INFO -[Using JSON decoding codec LegacyJacksonJson]-[c.n.d.p.DiscoveryJerseyProvider.java:71]-[main]
|2018-11-02 09:25:07.258|||INFO -[Using XML encoding codec XStreamXml]-[c.n.d.p.DiscoveryJerseyProvider.java:80]-[main]
|2018-11-02 09:25:07.258|||INFO -[Using XML decoding codec XStreamXml]-[c.n.d.p.DiscoveryJerseyProvider.java:81]-[main]
|2018-11-02 09:25:07.396|||INFO -[Replica node URL:  http://localhost:4040/eureka/]-[c.n.eureka.cluster.PeerEurekaNodes.java:110]-[main]
|2018-11-02 09:25:07.405|||INFO -[Finished initializing remote region registries. All known remote regions: []]-[c.n.e.r.AbstractInstanceRegistry.java:152]-[main]
|2018-11-02 09:25:07.406|||INFO -[Initialized]-[c.n.e.DefaultEurekaServerContext.java:66]-[main]
|2018-11-02 09:25:07.482|||INFO -[Registering beans for JMX exposure on startup]-[o.s.j.e.a.AnnotationMBeanExporter.java:431]-[main]
|2018-11-02 09:25:07.493|||INFO -[Bean with name 'configurationPropertiesRebinder' has been autodetected for JMX exposure]-[o.s.j.e.a.AnnotationMBeanExporter.java:916]-[main]
|2018-11-02 09:25:07.495|||INFO -[Bean with name 'refreshEndpoint' has been autodetected for JMX exposure]-[o.s.j.e.a.AnnotationMBeanExporter.java:916]-[main]
|2018-11-02 09:25:07.496|||INFO -[Bean with name 'environmentManager' has been autodetected for JMX exposure]-[o.s.j.e.a.AnnotationMBeanExporter.java:916]-[main]
|2018-11-02 09:25:07.497|||INFO -[Bean with name 'serviceRegistryEndpoint' has been autodetected for JMX exposure]-[o.s.j.e.a.AnnotationMBeanExporter.java:916]-[main]
|2018-11-02 09:25:07.498|||INFO -[Bean with name 'refreshScope' has been autodetected for JMX exposure]-[o.s.j.e.a.AnnotationMBeanExporter.java:916]-[main]
|2018-11-02 09:25:07.501|||INFO -[Located managed bean 'environmentManager': registering with JMX server as MBean [org.springframework.cloud.context.environment:name=environmentManager,type=EnvironmentManager]]-[o.s.j.e.a.AnnotationMBeanExporter.java:678]-[main]
|2018-11-02 09:25:07.531|||INFO -[Located managed bean 'serviceRegistryEndpoint': registering with JMX server as MBean [org.springframework.cloud.client.serviceregistry.endpoint:name=serviceRegistryEndpoint,type=ServiceRegistryEndpoint]]-[o.s.j.e.a.AnnotationMBeanExporter.java:678]-[main]
|2018-11-02 09:25:07.558|||INFO -[Located managed bean 'refreshScope': registering with JMX server as MBean [org.springframework.cloud.context.scope.refresh:name=refreshScope,type=RefreshScope]]-[o.s.j.e.a.AnnotationMBeanExporter.java:678]-[main]
|2018-11-02 09:25:07.577|||INFO -[Located managed bean 'configurationPropertiesRebinder': registering with JMX server as MBean [org.springframework.cloud.context.properties:name=configurationPropertiesRebinder,context=68ad99fe,type=ConfigurationPropertiesRebinder]]-[o.s.j.e.a.AnnotationMBeanExporter.java:678]-[main]
|2018-11-02 09:25:07.589|||INFO -[Located managed bean 'refreshEndpoint': registering with JMX server as MBean [org.springframework.cloud.endpoint:name=refreshEndpoint,type=RefreshEndpoint]]-[o.s.j.e.a.AnnotationMBeanExporter.java:678]-[main]
|2018-11-02 09:25:07.594|||INFO -[Registering beans for JMX exposure on startup]-[o.s.b.a.e.jmx.EndpointMBeanExporter.java:431]-[main]
|2018-11-02 09:25:07.609|||INFO -[Starting beans in phase 0]-[o.s.c.s.DefaultLifecycleProcessor.java:343]-[main]
|2018-11-02 09:25:07.619|||INFO -[Registering application cloud-registry with eureka with status UP]-[o.s.c.n.e.s.EurekaServiceRegistry.java:40]-[main]
|2018-11-02 09:25:07.626|||INFO -[Located managed bean 'auditEventsEndpoint': registering with JMX server as MBean [org.springframework.boot:type=Endpoint,name=auditEventsEndpoint]]-[o.s.b.a.e.jmx.EndpointMBeanExporter.java:678]-[main]
|2018-11-02 09:25:07.635|||INFO -[Located managed bean 'archaiusEndpoint': registering with JMX server as MBean [org.springframework.boot:type=Endpoint,name=archaiusEndpoint]]-[o.s.b.a.e.jmx.EndpointMBeanExporter.java:678]-[main]
|2018-11-02 09:25:07.646|||INFO -[Located managed bean 'featuresEndpoint': registering with JMX server as MBean [org.springframework.boot:type=Endpoint,name=featuresEndpoint]]-[o.s.b.a.e.jmx.EndpointMBeanExporter.java:678]-[main]
|2018-11-02 09:25:07.650|||INFO -[Located managed bean 'requestMappingEndpoint': registering with JMX server as MBean [org.springframework.boot:type=Endpoint,name=requestMappingEndpoint]]-[o.s.b.a.e.jmx.EndpointMBeanExporter.java:678]-[main]
|2018-11-02 09:25:07.655|||INFO -[Located managed bean 'environmentEndpoint': registering with JMX server as MBean [org.springframework.boot:type=Endpoint,name=environmentEndpoint]]-[o.s.b.a.e.jmx.EndpointMBeanExporter.java:678]-[main]
|2018-11-02 09:25:07.660|||INFO -[Located managed bean 'healthEndpoint': registering with JMX server as MBean [org.springframework.boot:type=Endpoint,name=healthEndpoint]]-[o.s.b.a.e.jmx.EndpointMBeanExporter.java:678]-[main]
|2018-11-02 09:25:07.663|||INFO -[Located managed bean 'beansEndpoint': registering with JMX server as MBean [org.springframework.boot:type=Endpoint,name=beansEndpoint]]-[o.s.b.a.e.jmx.EndpointMBeanExporter.java:678]-[main]
|2018-11-02 09:25:07.667|||INFO -[Located managed bean 'infoEndpoint': registering with JMX server as MBean [org.springframework.boot:type=Endpoint,name=infoEndpoint]]-[o.s.b.a.e.jmx.EndpointMBeanExporter.java:678]-[main]
|2018-11-02 09:25:07.671|||INFO -[Located managed bean 'loggersEndpoint': registering with JMX server as MBean [org.springframework.boot:type=Endpoint,name=loggersEndpoint]]-[o.s.b.a.e.jmx.EndpointMBeanExporter.java:678]-[main]
|2018-11-02 09:25:07.678|||INFO -[Located managed bean 'metricsEndpoint': registering with JMX server as MBean [org.springframework.boot:type=Endpoint,name=metricsEndpoint]]-[o.s.b.a.e.jmx.EndpointMBeanExporter.java:678]-[main]
|2018-11-02 09:25:07.681|||INFO -[Located managed bean 'traceEndpoint': registering with JMX server as MBean [org.springframework.boot:type=Endpoint,name=traceEndpoint]]-[o.s.b.a.e.jmx.EndpointMBeanExporter.java:678]-[main]
|2018-11-02 09:25:07.685|||INFO -[Located managed bean 'dumpEndpoint': registering with JMX server as MBean [org.springframework.boot:type=Endpoint,name=dumpEndpoint]]-[o.s.b.a.e.jmx.EndpointMBeanExporter.java:678]-[main]
|2018-11-02 09:25:07.688|||INFO -[Located managed bean 'autoConfigurationReportEndpoint': registering with JMX server as MBean [org.springframework.boot:type=Endpoint,name=autoConfigurationReportEndpoint]]-[o.s.b.a.e.jmx.EndpointMBeanExporter.java:678]-[main]
|2018-11-02 09:25:07.693|||INFO -[Located managed bean 'configurationPropertiesReportEndpoint': registering with JMX server as MBean [org.springframework.boot:type=Endpoint,name=configurationPropertiesReportEndpoint]]-[o.s.b.a.e.jmx.EndpointMBeanExporter.java:678]-[main]
|2018-11-02 09:25:07.716|||INFO -[Setting the eureka configuration..]-[o.s.c.n.e.s.EurekaServerBootstrap.java:109]-[Thread-35]
|2018-11-02 09:25:07.716|||INFO -[Eureka data center value eureka.datacenter is not set, defaulting to default]-[o.s.c.n.e.s.EurekaServerBootstrap.java:114]-[Thread-35]
|2018-11-02 09:25:07.717|||INFO -[Eureka environment value eureka.environment is not set, defaulting to test]-[o.s.c.n.e.s.EurekaServerBootstrap.java:128]-[Thread-35]
|2018-11-02 09:34:05.916|||INFO -[Refreshing org.springframework.context.annotation.AnnotationConfigApplicationContext@7d20d0b: startup date [Fri Nov 02 09:34:05 CST 2018]; root of context hierarchy]-[o.s.c.a.AnnotationConfigApplicationContext.java:583]-[main]
|2018-11-02 09:34:06.296|||INFO -[JSR-330 'javax.inject.Inject' annotation found and supported for autowiring]-[o.s.b.f.a.AutowiredAnnotationBeanPostProcessor.java:155]-[main]
|2018-11-02 09:34:06.387|||INFO -[Bean 'configurationPropertiesRebinderAutoConfiguration' of type [org.springframework.cloud.autoconfigure.ConfigurationPropertiesRebinderAutoConfiguration$$EnhancerBySpringCGLIB$$164b204a] is not eligible for getting processed by all BeanPostProcessors (for example: not eligible for auto-proxying)]-[o.s.c.s.PostProcessorRegistrationDelegate$BeanPostProcessorChecker.java:327]-[main]
|2018-11-02 09:34:07.298|||INFO -[No active profile set, falling back to default profiles: default]-[com.suixingpay.EurekaApplication.java:593]-[main]
|2018-11-02 09:34:07.317|||INFO -[Refreshing org.springframework.boot.context.embedded.AnnotationConfigEmbeddedWebApplicationContext@68ad99fe: startup date [Fri Nov 02 09:34:07 CST 2018]; parent: org.springframework.context.annotation.AnnotationConfigApplicationContext@7d20d0b]-[o.s.b.c.e.AnnotationConfigEmbeddedWebApplicationContext.java:583]-[main]
|2018-11-02 09:34:08.616|||INFO -[BeanFactory id=599ca067-2e16-3ec6-ad0e-e7496701bd54]-[o.s.cloud.context.scope.GenericScope.java:289]-[main]
|2018-11-02 09:34:08.643|||INFO -[JSR-330 'javax.inject.Inject' annotation found and supported for autowiring]-[o.s.b.f.a.AutowiredAnnotationBeanPostProcessor.java:155]-[main]
|2018-11-02 09:34:08.727|||INFO -[Bean 'org.springframework.cloud.autoconfigure.ConfigurationPropertiesRebinderAutoConfiguration' of type [org.springframework.cloud.autoconfigure.ConfigurationPropertiesRebinderAutoConfiguration$$EnhancerBySpringCGLIB$$164b204a] is not eligible for getting processed by all BeanPostProcessors (for example: not eligible for auto-proxying)]-[o.s.c.s.PostProcessorRegistrationDelegate$BeanPostProcessorChecker.java:327]-[main]
|2018-11-02 09:34:09.097|||INFO -[Tomcat initialized with port(s): 4040 (http)]-[o.s.b.c.e.t.TomcatEmbeddedServletContainer.java:89]-[main]
|2018-11-02 09:34:09.109|||INFO -[Starting service [Tomcat]]-[o.a.catalina.core.StandardService.java:179]-[main]
|2018-11-02 09:34:09.111|||INFO -[Starting Servlet Engine: Apache Tomcat/8.5.23]-[o.a.catalina.core.StandardEngine.java:179]-[main]
|2018-11-02 09:34:09.298|||INFO -[Initializing Spring embedded WebApplicationContext]-[o.a.c.c.C.[Tomcat].[localhost].[/].java:179]-[localhost-startStop-1]
|2018-11-02 09:34:09.299|||INFO -[Root WebApplicationContext: initialization completed in 1982 ms]-[o.s.web.context.ContextLoader.java:276]-[localhost-startStop-1]
|2018-11-02 09:34:10.183|||INFO -[Mapping filter: 'metricsFilter' to: [/*]]-[o.s.b.w.s.FilterRegistrationBean.java:258]-[localhost-startStop-1]
|2018-11-02 09:34:10.183|||INFO -[Mapping filter: 'characterEncodingFilter' to: [/*]]-[o.s.b.w.s.FilterRegistrationBean.java:258]-[localhost-startStop-1]
|2018-11-02 09:34:10.184|||INFO -[Mapping filter: 'sxfTraceFilter' to urls: [/*]]-[o.s.b.w.s.FilterRegistrationBean.java:271]-[localhost-startStop-1]
|2018-11-02 09:34:10.184|||INFO -[Mapping filter: 'hiddenHttpMethodFilter' to: [/*]]-[o.s.b.w.s.FilterRegistrationBean.java:258]-[localhost-startStop-1]
|2018-11-02 09:34:10.184|||INFO -[Mapping filter: 'httpPutFormContentFilter' to: [/*]]-[o.s.b.w.s.FilterRegistrationBean.java:258]-[localhost-startStop-1]
|2018-11-02 09:34:10.184|||INFO -[Mapping filter: 'requestContextFilter' to: [/*]]-[o.s.b.w.s.FilterRegistrationBean.java:258]-[localhost-startStop-1]
|2018-11-02 09:34:10.184|||INFO -[Mapping filter: 'webRequestTraceFilter' to: [/*]]-[o.s.b.w.s.FilterRegistrationBean.java:258]-[localhost-startStop-1]
|2018-11-02 09:34:10.185|||INFO -[Mapping filter: 'servletContainer' to urls: [/eureka/*]]-[o.s.b.w.s.FilterRegistrationBean.java:271]-[localhost-startStop-1]
|2018-11-02 09:34:10.185|||INFO -[Mapping filter: 'applicationContextIdFilter' to: [/*]]-[o.s.b.w.s.FilterRegistrationBean.java:258]-[localhost-startStop-1]
|2018-11-02 09:34:10.185|||INFO -[Mapping servlet: 'dispatcherServlet' to [/]]-[o.s.b.w.s.ServletRegistrationBean.java:190]-[localhost-startStop-1]
|2018-11-02 09:34:10.260|||INFO -[Initiating Jersey application, version 'Jersey: 1.19.1 03/11/2016 02:08 PM']-[c.s.j.s.i.a.WebApplicationImpl.java:815]-[localhost-startStop-1]
|2018-11-02 09:34:10.339|||INFO -[Using JSON encoding codec LegacyJacksonJson]-[c.n.d.p.DiscoveryJerseyProvider.java:70]-[localhost-startStop-1]
|2018-11-02 09:34:10.340|||INFO -[Using JSON decoding codec LegacyJacksonJson]-[c.n.d.p.DiscoveryJerseyProvider.java:71]-[localhost-startStop-1]
|2018-11-02 09:34:10.497|||INFO -[Using XML encoding codec XStreamXml]-[c.n.d.p.DiscoveryJerseyProvider.java:80]-[localhost-startStop-1]
|2018-11-02 09:34:10.498|||INFO -[Using XML decoding codec XStreamXml]-[c.n.d.p.DiscoveryJerseyProvider.java:81]-[localhost-startStop-1]
|2018-11-02 09:34:11.291|||WARN -[No URLs will be polled as dynamic configuration sources.]-[c.n.c.sources.URLConfigurationSource.java:121]-[main]
|2018-11-02 09:34:11.292|||INFO -[To enable URLs as dynamic configuration sources, define System property archaius.configurationSource.additionalUrls or make config.properties available on classpath.]-[c.n.c.sources.URLConfigurationSource.java:122]-[main]
|2018-11-02 09:34:11.298|||WARN -[No URLs will be polled as dynamic configuration sources.]-[c.n.c.sources.URLConfigurationSource.java:121]-[main]
|2018-11-02 09:34:11.299|||INFO -[To enable URLs as dynamic configuration sources, define System property archaius.configurationSource.additionalUrls or make config.properties available on classpath.]-[c.n.c.sources.URLConfigurationSource.java:122]-[main]
|2018-11-02 09:34:11.634|||INFO -[Looking for @ControllerAdvice: org.springframework.boot.context.embedded.AnnotationConfigEmbeddedWebApplicationContext@68ad99fe: startup date [Fri Nov 02 09:34:07 CST 2018]; parent: org.springframework.context.annotation.AnnotationConfigApplicationContext@7d20d0b]-[o.s.w.s.m.m.a.RequestMappingHandlerAdapter.java:534]-[main]
|2018-11-02 09:34:11.717|||INFO -[Mapped "{[/error]}" onto public org.springframework.http.ResponseEntity<java.util.Map<java.lang.String, java.lang.Object>> org.springframework.boot.autoconfigure.web.BasicErrorController.error(javax.servlet.http.HttpServletRequest)]-[o.s.w.s.m.m.a.RequestMappingHandlerMapping.java:543]-[main]
|2018-11-02 09:34:11.718|||INFO -[Mapped "{[/error],produces=[text/html]}" onto public org.springframework.web.servlet.ModelAndView org.springframework.boot.autoconfigure.web.BasicErrorController.errorHtml(javax.servlet.http.HttpServletRequest,javax.servlet.http.HttpServletResponse)]-[o.s.w.s.m.m.a.RequestMappingHandlerMapping.java:543]-[main]
|2018-11-02 09:34:11.724|||INFO -[Mapped "{[/],methods=[GET]}" onto public java.lang.String org.springframework.cloud.netflix.eureka.server.EurekaController.status(javax.servlet.http.HttpServletRequest,java.util.Map<java.lang.String, java.lang.Object>)]-[o.s.w.s.m.m.a.RequestMappingHandlerMapping.java:543]-[main]
|2018-11-02 09:34:11.724|||INFO -[Mapped "{[/lastn],methods=[GET]}" onto public java.lang.String org.springframework.cloud.netflix.eureka.server.EurekaController.lastn(javax.servlet.http.HttpServletRequest,java.util.Map<java.lang.String, java.lang.Object>)]-[o.s.w.s.m.m.a.RequestMappingHandlerMapping.java:543]-[main]
|2018-11-02 09:34:11.768|||INFO -[Mapped URL path [/webjars/**] onto handler of type [class org.springframework.web.servlet.resource.ResourceHttpRequestHandler]]-[o.s.w.s.h.SimpleUrlHandlerMapping.java:362]-[main]
|2018-11-02 09:34:11.769|||INFO -[Mapped URL path [/**] onto handler of type [class org.springframework.web.servlet.resource.ResourceHttpRequestHandler]]-[o.s.w.s.h.SimpleUrlHandlerMapping.java:362]-[main]
|2018-11-02 09:34:11.831|||INFO -[Mapped URL path [/**/favicon.ico] onto handler of type [class org.springframework.web.servlet.resource.ResourceHttpRequestHandler]]-[o.s.w.s.h.SimpleUrlHandlerMapping.java:362]-[main]
|2018-11-02 09:34:13.342|||INFO -[Mapped "{[/service-registry/instance-status],methods=[GET]}" onto public org.springframework.http.ResponseEntity org.springframework.cloud.client.serviceregistry.endpoint.ServiceRegistryEndpoint.getStatus()]-[o.s.b.a.e.mvc.EndpointHandlerMapping.java:543]-[main]
|2018-11-02 09:34:13.343|||INFO -[Mapped "{[/service-registry/instance-status],methods=[POST]}" onto public org.springframework.http.ResponseEntity<?> org.springframework.cloud.client.serviceregistry.endpoint.ServiceRegistryEndpoint.setStatus(java.lang.String)]-[o.s.b.a.e.mvc.EndpointHandlerMapping.java:543]-[main]
|2018-11-02 09:34:13.344|||INFO -[Mapped "{[/refresh || /refresh.json],methods=[POST]}" onto public java.lang.Object org.springframework.cloud.endpoint.GenericPostableMvcEndpoint.invoke()]-[o.s.b.a.e.mvc.EndpointHandlerMapping.java:543]-[main]
|2018-11-02 09:34:13.345|||INFO -[Mapped "{[/configprops || /configprops.json],methods=[GET],produces=[application/vnd.spring-boot.actuator.v1+json || application/json]}" onto public java.lang.Object org.springframework.boot.actuate.endpoint.mvc.EndpointMvcAdapter.invoke()]-[o.s.b.a.e.mvc.EndpointHandlerMapping.java:543]-[main]
|2018-11-02 09:34:13.346|||INFO -[Mapped "{[/autoconfig || /autoconfig.json],methods=[GET],produces=[application/vnd.spring-boot.actuator.v1+json || application/json]}" onto public java.lang.Object org.springframework.boot.actuate.endpoint.mvc.EndpointMvcAdapter.invoke()]-[o.s.b.a.e.mvc.EndpointHandlerMapping.java:543]-[main]
|2018-11-02 09:34:13.347|||INFO -[Mapped "{[/auditevents || /auditevents.json],methods=[GET],produces=[application/vnd.spring-boot.actuator.v1+json || application/json]}" onto public org.springframework.http.ResponseEntity<?> org.springframework.boot.actuate.endpoint.mvc.AuditEventsMvcEndpoint.findByPrincipalAndAfterAndType(java.lang.String,java.util.Date,java.lang.String)]-[o.s.b.a.e.mvc.EndpointHandlerMapping.java:543]-[main]
|2018-11-02 09:34:13.347|||INFO -[Mapped "{[/dump || /dump.json],methods=[GET],produces=[application/vnd.spring-boot.actuator.v1+json || application/json]}" onto public java.lang.Object org.springframework.boot.actuate.endpoint.mvc.EndpointMvcAdapter.invoke()]-[o.s.b.a.e.mvc.EndpointHandlerMapping.java:543]-[main]
|2018-11-02 09:34:13.348|||INFO -[Mapped "{[/beans || /beans.json],methods=[GET],produces=[application/vnd.spring-boot.actuator.v1+json || application/json]}" onto public java.lang.Object org.springframework.boot.actuate.endpoint.mvc.EndpointMvcAdapter.invoke()]-[o.s.b.a.e.mvc.EndpointHandlerMapping.java:543]-[main]
|2018-11-02 09:34:13.349|||INFO -[Mapped "{[/env],methods=[POST]}" onto public java.lang.Object org.springframework.cloud.context.environment.EnvironmentManagerMvcEndpoint.value(java.util.Map<java.lang.String, java.lang.String>)]-[o.s.b.a.e.mvc.EndpointHandlerMapping.java:543]-[main]
|2018-11-02 09:34:13.349|||INFO -[Mapped "{[/env/reset],methods=[POST]}" onto public java.util.Map<java.lang.String, java.lang.Object> org.springframework.cloud.context.environment.EnvironmentManagerMvcEndpoint.reset()]-[o.s.b.a.e.mvc.EndpointHandlerMapping.java:543]-[main]
|2018-11-02 09:34:13.350|||INFO -[Mapped "{[/archaius || /archaius.json],methods=[GET],produces=[application/vnd.spring-boot.actuator.v1+json || application/json]}" onto public java.lang.Object org.springframework.boot.actuate.endpoint.mvc.EndpointMvcAdapter.invoke()]-[o.s.b.a.e.mvc.EndpointHandlerMapping.java:543]-[main]
|2018-11-02 09:34:13.352|||INFO -[Mapped "{[/features || /features.json],methods=[GET],produces=[application/vnd.spring-boot.actuator.v1+json || application/json]}" onto public java.lang.Object org.springframework.boot.actuate.endpoint.mvc.EndpointMvcAdapter.invoke()]-[o.s.b.a.e.mvc.EndpointHandlerMapping.java:543]-[main]
|2018-11-02 09:34:13.353|||INFO -[Mapped "{[/env/{name:.*}],methods=[GET],produces=[application/vnd.spring-boot.actuator.v1+json || application/json]}" onto public java.lang.Object org.springframework.boot.actuate.endpoint.mvc.EnvironmentMvcEndpoint.value(java.lang.String)]-[o.s.b.a.e.mvc.EndpointHandlerMapping.java:543]-[main]
|2018-11-02 09:34:13.353|||INFO -[Mapped "{[/env || /env.json],methods=[GET],produces=[application/vnd.spring-boot.actuator.v1+json || application/json]}" onto public java.lang.Object org.springframework.boot.actuate.endpoint.mvc.EndpointMvcAdapter.invoke()]-[o.s.b.a.e.mvc.EndpointHandlerMapping.java:543]-[main]
|2018-11-02 09:34:13.356|||INFO -[Mapped "{[/loggers/{name:.*}],methods=[GET],produces=[application/vnd.spring-boot.actuator.v1+json || application/json]}" onto public java.lang.Object org.springframework.boot.actuate.endpoint.mvc.LoggersMvcEndpoint.get(java.lang.String)]-[o.s.b.a.e.mvc.EndpointHandlerMapping.java:543]-[main]
|2018-11-02 09:34:13.356|||INFO -[Mapped "{[/loggers/{name:.*}],methods=[POST],consumes=[application/vnd.spring-boot.actuator.v1+json || application/json],produces=[application/vnd.spring-boot.actuator.v1+json || application/json]}" onto public java.lang.Object org.springframework.boot.actuate.endpoint.mvc.LoggersMvcEndpoint.set(java.lang.String,java.util.Map<java.lang.String, java.lang.String>)]-[o.s.b.a.e.mvc.EndpointHandlerMapping.java:543]-[main]
|2018-11-02 09:34:13.357|||INFO -[Mapped "{[/loggers || /loggers.json],methods=[GET],produces=[application/vnd.spring-boot.actuator.v1+json || application/json]}" onto public java.lang.Object org.springframework.boot.actuate.endpoint.mvc.EndpointMvcAdapter.invoke()]-[o.s.b.a.e.mvc.EndpointHandlerMapping.java:543]-[main]
|2018-11-02 09:34:13.358|||INFO -[Mapped "{[/info || /info.json],methods=[GET],produces=[application/vnd.spring-boot.actuator.v1+json || application/json]}" onto public java.lang.Object org.springframework.boot.actuate.endpoint.mvc.EndpointMvcAdapter.invoke()]-[o.s.b.a.e.mvc.EndpointHandlerMapping.java:543]-[main]
|2018-11-02 09:34:13.358|||INFO -[Mapped "{[/metrics/{name:.*}],methods=[GET],produces=[application/vnd.spring-boot.actuator.v1+json || application/json]}" onto public java.lang.Object org.springframework.boot.actuate.endpoint.mvc.MetricsMvcEndpoint.value(java.lang.String)]-[o.s.b.a.e.mvc.EndpointHandlerMapping.java:543]-[main]
|2018-11-02 09:34:13.359|||INFO -[Mapped "{[/metrics || /metrics.json],methods=[GET],produces=[application/vnd.spring-boot.actuator.v1+json || application/json]}" onto public java.lang.Object org.springframework.boot.actuate.endpoint.mvc.EndpointMvcAdapter.invoke()]-[o.s.b.a.e.mvc.EndpointHandlerMapping.java:543]-[main]
|2018-11-02 09:34:13.359|||INFO -[Mapped "{[/health || /health.json],methods=[GET],produces=[application/vnd.spring-boot.actuator.v1+json || application/json]}" onto public java.lang.Object org.springframework.boot.actuate.endpoint.mvc.HealthMvcEndpoint.invoke(javax.servlet.http.HttpServletRequest,java.security.Principal)]-[o.s.b.a.e.mvc.EndpointHandlerMapping.java:543]-[main]
|2018-11-02 09:34:13.360|||INFO -[Mapped "{[/mappings || /mappings.json],methods=[GET],produces=[application/vnd.spring-boot.actuator.v1+json || application/json]}" onto public java.lang.Object org.springframework.boot.actuate.endpoint.mvc.EndpointMvcAdapter.invoke()]-[o.s.b.a.e.mvc.EndpointHandlerMapping.java:543]-[main]
|2018-11-02 09:34:13.361|||INFO -[Mapped "{[/trace || /trace.json],methods=[GET],produces=[application/vnd.spring-boot.actuator.v1+json || application/json]}" onto public java.lang.Object org.springframework.boot.actuate.endpoint.mvc.EndpointMvcAdapter.invoke()]-[o.s.b.a.e.mvc.EndpointHandlerMapping.java:543]-[main]
|2018-11-02 09:34:13.362|||INFO -[Mapped "{[/heapdump || /heapdump.json],methods=[GET],produces=[application/octet-stream]}" onto public void org.springframework.boot.actuate.endpoint.mvc.HeapdumpMvcEndpoint.invoke(boolean,javax.servlet.http.HttpServletRequest,javax.servlet.http.HttpServletResponse) throws java.io.IOException,javax.servlet.ServletException]-[o.s.b.a.e.mvc.EndpointHandlerMapping.java:543]-[main]
|2018-11-02 09:34:13.505|||INFO -[SpringTemplateLoader for FreeMarker: using resource loader [org.springframework.boot.context.embedded.AnnotationConfigEmbeddedWebApplicationContext@68ad99fe: startup date [Fri Nov 02 09:34:07 CST 2018]; parent: org.springframework.context.annotation.AnnotationConfigApplicationContext@7d20d0b] and template loader path [classpath:/templates/]]-[o.s.u.f.SpringTemplateLoader.java:61]-[main]
|2018-11-02 09:34:13.506|||INFO -[ClassTemplateLoader for Spring macros added to FreeMarker configuration]-[o.s.w.s.v.f.FreeMarkerConfigurer.java:127]-[main]
|2018-11-02 09:34:13.730|||INFO -[Setting initial instance status as: STARTING]-[o.s.c.n.eureka.InstanceInfoFactory.java:71]-[main]
|2018-11-02 09:34:13.772|||INFO -[Initializing Eureka in region us-east-1]-[c.netflix.discovery.DiscoveryClient.java:347]-[main]
|2018-11-02 09:34:13.773|||INFO -[Client configured to neither register nor query for data.]-[c.netflix.discovery.DiscoveryClient.java:350]-[main]
|2018-11-02 09:34:13.781|||INFO -[Discovery Client initialized at timestamp 1541122453780 with initial instances count: 0]-[c.netflix.discovery.DiscoveryClient.java:363]-[main]
|2018-11-02 09:34:13.836|||INFO -[Initializing ...]-[c.n.e.DefaultEurekaServerContext.java:63]-[main]
|2018-11-02 09:34:13.839|||INFO -[Adding new peer nodes [http://localhost:4040/eureka/]]-[c.n.eureka.cluster.PeerEurekaNodes.java:188]-[main]
|2018-11-02 09:34:14.241|||INFO -[Using JSON encoding codec LegacyJacksonJson]-[c.n.d.p.DiscoveryJerseyProvider.java:70]-[main]
|2018-11-02 09:34:14.241|||INFO -[Using JSON decoding codec LegacyJacksonJson]-[c.n.d.p.DiscoveryJerseyProvider.java:71]-[main]
|2018-11-02 09:34:14.242|||INFO -[Using XML encoding codec XStreamXml]-[c.n.d.p.DiscoveryJerseyProvider.java:80]-[main]
|2018-11-02 09:34:14.242|||INFO -[Using XML decoding codec XStreamXml]-[c.n.d.p.DiscoveryJerseyProvider.java:81]-[main]
|2018-11-02 09:34:14.355|||INFO -[Replica node URL:  http://localhost:4040/eureka/]-[c.n.eureka.cluster.PeerEurekaNodes.java:110]-[main]
|2018-11-02 09:34:14.363|||INFO -[Finished initializing remote region registries. All known remote regions: []]-[c.n.e.r.AbstractInstanceRegistry.java:152]-[main]
|2018-11-02 09:34:14.364|||INFO -[Initialized]-[c.n.e.DefaultEurekaServerContext.java:66]-[main]
|2018-11-02 09:34:14.435|||INFO -[Registering beans for JMX exposure on startup]-[o.s.j.e.a.AnnotationMBeanExporter.java:431]-[main]
|2018-11-02 09:34:14.450|||INFO -[Bean with name 'configurationPropertiesRebinder' has been autodetected for JMX exposure]-[o.s.j.e.a.AnnotationMBeanExporter.java:916]-[main]
|2018-11-02 09:34:14.451|||INFO -[Bean with name 'refreshEndpoint' has been autodetected for JMX exposure]-[o.s.j.e.a.AnnotationMBeanExporter.java:916]-[main]
|2018-11-02 09:34:14.452|||INFO -[Bean with name 'environmentManager' has been autodetected for JMX exposure]-[o.s.j.e.a.AnnotationMBeanExporter.java:916]-[main]
|2018-11-02 09:34:14.454|||INFO -[Bean with name 'serviceRegistryEndpoint' has been autodetected for JMX exposure]-[o.s.j.e.a.AnnotationMBeanExporter.java:916]-[main]
|2018-11-02 09:34:14.455|||INFO -[Bean with name 'refreshScope' has been autodetected for JMX exposure]-[o.s.j.e.a.AnnotationMBeanExporter.java:916]-[main]
|2018-11-02 09:34:14.458|||INFO -[Located managed bean 'environmentManager': registering with JMX server as MBean [org.springframework.cloud.context.environment:name=environmentManager,type=EnvironmentManager]]-[o.s.j.e.a.AnnotationMBeanExporter.java:678]-[main]
|2018-11-02 09:34:14.475|||INFO -[Located managed bean 'serviceRegistryEndpoint': registering with JMX server as MBean [org.springframework.cloud.client.serviceregistry.endpoint:name=serviceRegistryEndpoint,type=ServiceRegistryEndpoint]]-[o.s.j.e.a.AnnotationMBeanExporter.java:678]-[main]
|2018-11-02 09:34:14.489|||INFO -[Located managed bean 'refreshScope': registering with JMX server as MBean [org.springframework.cloud.context.scope.refresh:name=refreshScope,type=RefreshScope]]-[o.s.j.e.a.AnnotationMBeanExporter.java:678]-[main]
|2018-11-02 09:34:14.510|||INFO -[Located managed bean 'configurationPropertiesRebinder': registering with JMX server as MBean [org.springframework.cloud.context.properties:name=configurationPropertiesRebinder,context=68ad99fe,type=ConfigurationPropertiesRebinder]]-[o.s.j.e.a.AnnotationMBeanExporter.java:678]-[main]
|2018-11-02 09:34:14.521|||INFO -[Located managed bean 'refreshEndpoint': registering with JMX server as MBean [org.springframework.cloud.endpoint:name=refreshEndpoint,type=RefreshEndpoint]]-[o.s.j.e.a.AnnotationMBeanExporter.java:678]-[main]
|2018-11-02 09:34:14.525|||INFO -[Registering beans for JMX exposure on startup]-[o.s.b.a.e.jmx.EndpointMBeanExporter.java:431]-[main]
|2018-11-02 09:34:14.544|||INFO -[Starting beans in phase 0]-[o.s.c.s.DefaultLifecycleProcessor.java:343]-[main]
|2018-11-02 09:34:14.552|||INFO -[Registering application cloud-registry with eureka with status UP]-[o.s.c.n.e.s.EurekaServiceRegistry.java:40]-[main]
|2018-11-02 09:34:14.559|||INFO -[Located managed bean 'auditEventsEndpoint': registering with JMX server as MBean [org.springframework.boot:type=Endpoint,name=auditEventsEndpoint]]-[o.s.b.a.e.jmx.EndpointMBeanExporter.java:678]-[main]
|2018-11-02 09:34:14.566|||INFO -[Located managed bean 'archaiusEndpoint': registering with JMX server as MBean [org.springframework.boot:type=Endpoint,name=archaiusEndpoint]]-[o.s.b.a.e.jmx.EndpointMBeanExporter.java:678]-[main]
|2018-11-02 09:34:14.577|||INFO -[Located managed bean 'featuresEndpoint': registering with JMX server as MBean [org.springframework.boot:type=Endpoint,name=featuresEndpoint]]-[o.s.b.a.e.jmx.EndpointMBeanExporter.java:678]-[main]
|2018-11-02 09:34:14.581|||INFO -[Located managed bean 'requestMappingEndpoint': registering with JMX server as MBean [org.springframework.boot:type=Endpoint,name=requestMappingEndpoint]]-[o.s.b.a.e.jmx.EndpointMBeanExporter.java:678]-[main]
|2018-11-02 09:34:14.584|||INFO -[Located managed bean 'environmentEndpoint': registering with JMX server as MBean [org.springframework.boot:type=Endpoint,name=environmentEndpoint]]-[o.s.b.a.e.jmx.EndpointMBeanExporter.java:678]-[main]
|2018-11-02 09:34:14.589|||INFO -[Located managed bean 'healthEndpoint': registering with JMX server as MBean [org.springframework.boot:type=Endpoint,name=healthEndpoint]]-[o.s.b.a.e.jmx.EndpointMBeanExporter.java:678]-[main]
|2018-11-02 09:34:14.592|||INFO -[Located managed bean 'beansEndpoint': registering with JMX server as MBean [org.springframework.boot:type=Endpoint,name=beansEndpoint]]-[o.s.b.a.e.jmx.EndpointMBeanExporter.java:678]-[main]
|2018-11-02 09:34:14.595|||INFO -[Located managed bean 'infoEndpoint': registering with JMX server as MBean [org.springframework.boot:type=Endpoint,name=infoEndpoint]]-[o.s.b.a.e.jmx.EndpointMBeanExporter.java:678]-[main]
|2018-11-02 09:34:14.598|||INFO -[Located managed bean 'loggersEndpoint': registering with JMX server as MBean [org.springframework.boot:type=Endpoint,name=loggersEndpoint]]-[o.s.b.a.e.jmx.EndpointMBeanExporter.java:678]-[main]
|2018-11-02 09:34:14.605|||INFO -[Located managed bean 'metricsEndpoint': registering with JMX server as MBean [org.springframework.boot:type=Endpoint,name=metricsEndpoint]]-[o.s.b.a.e.jmx.EndpointMBeanExporter.java:678]-[main]
|2018-11-02 09:34:14.607|||INFO -[Located managed bean 'traceEndpoint': registering with JMX server as MBean [org.springframework.boot:type=Endpoint,name=traceEndpoint]]-[o.s.b.a.e.jmx.EndpointMBeanExporter.java:678]-[main]
|2018-11-02 09:34:14.609|||INFO -[Located managed bean 'dumpEndpoint': registering with JMX server as MBean [org.springframework.boot:type=Endpoint,name=dumpEndpoint]]-[o.s.b.a.e.jmx.EndpointMBeanExporter.java:678]-[main]
|2018-11-02 09:34:14.612|||INFO -[Located managed bean 'autoConfigurationReportEndpoint': registering with JMX server as MBean [org.springframework.boot:type=Endpoint,name=autoConfigurationReportEndpoint]]-[o.s.b.a.e.jmx.EndpointMBeanExporter.java:678]-[main]
|2018-11-02 09:34:14.614|||INFO -[Located managed bean 'configurationPropertiesReportEndpoint': registering with JMX server as MBean [org.springframework.boot:type=Endpoint,name=configurationPropertiesReportEndpoint]]-[o.s.b.a.e.jmx.EndpointMBeanExporter.java:678]-[main]
|2018-11-02 09:34:14.618|||INFO -[Setting the eureka configuration..]-[o.s.c.n.e.s.EurekaServerBootstrap.java:109]-[Thread-33]
|2018-11-02 09:34:14.618|||INFO -[Eureka data center value eureka.datacenter is not set, defaulting to default]-[o.s.c.n.e.s.EurekaServerBootstrap.java:114]-[Thread-33]
|2018-11-02 09:34:14.619|||INFO -[Eureka environment value eureka.environment is not set, defaulting to test]-[o.s.c.n.e.s.EurekaServerBootstrap.java:128]-[Thread-33]
